{"C:\\Users\\ahame\\Desktop\\MERN-boilerplate-master\\client\\app\\components\\Header\\Header.js": {"path":"C:\\Users\\ahame\\Desktop\\MERN-boilerplate-master\\client\\app\\components\\Header\\Header.js","statementMap":{"0":{"start":{"line":5,"column":16},"end":{"line":9,"column":1}},"1":{"start":{"line":10,"column":17},"end":{"line":12,"column":1}},"2":{"start":{"line":11,"column":2},"end":{"line":11,"column":42}}},"fnMap":{"0":{"name":"(anonymous_0)","decl":{"start":{"line":10,"column":17},"end":{"line":10,"column":18}},"loc":{"start":{"line":11,"column":2},"end":{"line":11,"column":42}},"line":11}},"branchMap":{},"s":{"0":1,"1":1,"2":1},"f":{"0":1},"b":{},"_coverageSchema":"332fd63041d2c1bcb487cc26dd0d5f7d97098a6c","hash":"199c0d612d42fd8d502163424a6a2f6678c6bbfa"}
,"C:\\Users\\ahame\\Desktop\\MERN-boilerplate-master\\config\\testSetup.js": {"path":"C:\\Users\\ahame\\Desktop\\MERN-boilerplate-master\\config\\testSetup.js","statementMap":{"0":{"start":{"line":4,"column":0},"end":{"line":4,"column":37}}},"fnMap":{},"branchMap":{},"s":{"0":1},"f":{},"b":{},"_coverageSchema":"332fd63041d2c1bcb487cc26dd0d5f7d97098a6c","hash":"28d42bae743a7f0d6eae0e7def7a9c0c576b4f8c"}
}
